Current Battery Service state:
  AC powered: false
  USB powered: true
  Wireless powered: false
  Max charging current: 500000
  Max charging voltage: 5000000
  Charge counter: 4007520
  status: 5
  health: 2
  present: true
  level: 100
  scale: 100
  voltage: 4375
  temperature: 227
  technology: Li-ion
  batteryMiscEvent: 0
  batteryCurrentEvent: 0
  mSecPlugTypeSummary: 2
  LED Charging: true
  LED Low Battery: true
  current now: 0
  charge counter: 4007520
  Adaptive Fast Charging Settings: true
  Super Fast Charging Settings: false
USE_FAKE_BATTERY: false
FEATURE_WIRELESS_FAST_CHARGER_CONTROL: false
  mWasUsedWirelessFastChargerPreviously: false
  mWirelessFastChargingSettingsEnable: true
LLB CAL: 20210303
LLB MAN: 
LLB CURRENT: YEAR2023M11D24
LLB DIFF: 182
  mSavedBatteryBeginningDate: 0
SEC_FEATURE_BATTERY_FULL_CAPACITY: false
  mFullCapacityEnable: false
FEATURE_HICCUP_CONTROL: false
FEATURE_SUPPORTED_DAILY_BOARD: false
SEC_FEATURE_BATTERY_LIFE_EXTENDER: false
SEC_FEATURE_USE_WIRELESS_POWER_SHARING: false
health: vendor.samsung.hardware.health@2.0::ISehHealth@Proxy
BatteryInfoBackUp
  mSavedBatteryAsoc: -1
  mSavedBatteryMaxTemp: 607
  mSavedBatteryMaxCurrent: 2708131
  mSavedBatteryUsage: 14870
  FEATURE_SAVE_BATTERY_CYCLE: true
  SEC_FEATURE_PREVENT_SWELLING: false
