[DEVICE_PROVISIONED]: [1]
[av.debug.disable.pers.cache]: [1]
[bootreceiver.enable]: [1]
[build.version.extensions.r]: [5]
[build.version.extensions.s]: [5]
[cache_key.bluetooth.get_adapter_connection_state]: [6242210276282834798]
[cache_key.bluetooth.get_bond_state]: [6242210276282834794]
[cache_key.bluetooth.get_profile_connection_state]: [6242210276282834799]
[cache_key.bluetooth.get_state]: [6242210276282834800]
[cache_key.bluetooth.is_offloaded_filtering_supported]: [6242210276282834795]
[cache_key.display_info]: [3301191949936789787]
[cache_key.get_packages_for_uid]: [3301191949936789777]
[cache_key.has_system_feature]: [3301191949936789352]
[cache_key.is_compat_change_enabled]: [3301191949936789712]
[cache_key.is_interactive]: [3301191949936789772]
[cache_key.is_power_save_mode]: [3301191949936789365]
[cache_key.is_user_unlocked]: [3301191949936789407]
[cache_key.location_enabled]: [3301191949936789638]
[cache_key.package_info]: [3301191949936789713]
[cache_key.system_server.accounts_data]: [3301191949936789422]
[cache_key.telephony.get_active_data_sub_id]: [3193289136684535041]
[cache_key.telephony.get_default_data_sub_id]: [3193289136684535039]
[cache_key.telephony.get_default_sms_sub_id]: [3193289136684535040]
[cache_key.telephony.get_default_sub_id]: [3193289136684535045]
[cache_key.telephony.get_slot_index]: [3193289136684535046]
[com.samsung.speg.disable]: [true]
[dalvik.vm.appimageformat]: [lz4]
[dalvik.vm.dex2oat-Xms]: [64m]
[dalvik.vm.dex2oat-Xmx]: [512m]
[dalvik.vm.dex2oat-max-image-block-size]: [524288]
[dalvik.vm.dex2oat-minidebuginfo]: [true]
[dalvik.vm.dex2oat-resolve-startup-strings]: [true]
[dalvik.vm.dex2oat-updatable-bcp-packages-file]: [/system/etc/updatable-bcp-packages.txt]
[dalvik.vm.dexopt.secondary]: [true]
[dalvik.vm.dexopt.thermal-cutoff]: [2]
[dalvik.vm.finalizer-timeout-ms]: [60000]
[dalvik.vm.heapgrowthlimit]: [192m]
[dalvik.vm.heapmaxfree]: [4m]
[dalvik.vm.heapminfree]: [512k]
[dalvik.vm.heapsize]: [256m]
[dalvik.vm.heapstartsize]: [4m]
[dalvik.vm.heaptargetutilization]: [0.75]
[dalvik.vm.image-dex2oat-Xms]: [64m]
[dalvik.vm.image-dex2oat-Xmx]: [64m]
[dalvik.vm.isa.arm.features]: [default]
[dalvik.vm.isa.arm.variant]: [cortex-a53]
[dalvik.vm.lockprof.threshold]: [500]
[dalvik.vm.madvise.artfile.size]: [0]
[dalvik.vm.madvise.odexfile.size]: [0]
[dalvik.vm.madvise.vdexfile.size]: [0]
[dalvik.vm.minidebuginfo]: [true]
[dalvik.vm.usejit]: [true]
[dalvik.vm.usejitprofiles]: [true]
[debug.atrace.tags.enableflags]: [0]
[debug.egl.hw]: [0]
[debug.enable.sglscale]: [1]
[debug.force_rtl]: [false]
[debug.gralloc.enable_fb_ubwc]: [1]
[debug.gralloc.gfx_ubwc_disable]: [1]
[debug.mdpcomp.logs]: [0]
[debug.sf.enable_hwc_vds]: [1]
[debug.sf.hw]: [0]
[debug.sf.latch_unsignaled]: [1]
[debug.sf.recomputecrop]: [0]
[debug.stagefright.omx_default_rank]: [0]
[debug.tracing.screen_brightness]: [0.0425]
[debug.tracing.screen_state]: [2]
[dev.boot_count]: [0]
[dev.bootcomplete]: [1]
[dev.mnt.blk.odm]: [dm-7]
[dev.mnt.blk.optics]: [dm-9]
[dev.mnt.blk.prism]: [dm-8]
[dev.mnt.blk.product]: [dm-5]
[dev.mnt.blk.root]: [dm-4]
[dev.mnt.blk.vendor]: [dm-6]
[dev.pm.dyn_samplingrate]: [1]
[dev.ssrm.live_thumbnail]: [1]
[dev.ssrm.turbo]: [false]
[dumpstate.is_running]: [0]
[gsm.current.phone-type]: [1,1]
[gsm.current.vsid]: [0]
[gsm.current.vsid2]: [1]
[gsm.network.type]: [Unknown,Unknown]
[gsm.operator.alpha]: [,]
[gsm.operator.iso-country]: [pe,]
[gsm.operator.isroaming]: [false,false]
[gsm.operator.numeric]: [71615,]
[gsm.sim.operator.numeric]: []
[gsm.sim.state]: [ABSENT,ABSENT]
[gsm.version.baseband]: [A115MUBS5CWK2,A115MUBS5CWK2]
[gsm.version.ril-impl]: [Samsung RIL v4.0]
[hwservicemanager.ready]: [true]
[init.svc.BCS-daemon]: [running]
[init.svc.DR-daemon]: [running]
[init.svc.SMD-daemon]: [running]
[init.svc.adbd]: [running]
[init.svc.apexd]: [stopped]
[init.svc.apexd-bootstrap]: [stopped]
[init.svc.apexd-snapshotde]: [stopped]
[init.svc.at_distributor]: [running]
[init.svc.audioserver]: [running]
[init.svc.bootanim]: [stopped]
[init.svc.bootchecker]: [stopped]
[init.svc.bootchecker-bootc]: [stopped]
[init.svc.boringssl_self_test32]: [stopped]
[init.svc.boringssl_self_test32_vendor]: [stopped]
[init.svc.boringssl_self_test_apex32]: [stopped]
[init.svc.bpfloader]: [stopped]
[init.svc.bugreportd]: [stopped]
[init.svc.bugreportm]: [stopped]
[init.svc.cameraserver]: [running]
[init.svc.clear-fota]: [stopped]
[init.svc.cnss-daemon]: [running]
[init.svc.credstore]: [running]
[init.svc.cryptfshw-1-0]: [running]
[init.svc.derive_classpath]: [stopped]
[init.svc.derive_sdk]: [stopped]
[init.svc.display-color-hal-1-0]: [running]
[init.svc.drk_hal]: [running]
[init.svc.drm]: [running]
[init.svc.dumpstate]: [stopped]
[init.svc.dumpstate-1-1]: [stopped]
[init.svc.dumpstatez]: [stopped]
[init.svc.emservice]: [running]
[init.svc.engmode_hal]: [running]
[init.svc.factory_adsp]: [running]
[init.svc.fpexts_hal]: [running]
[init.svc.gatekeeper-1-0]: [running]
[init.svc.gatekeeperd]: [running]
[init.svc.gnss_service]: [running]
[init.svc.gpu]: [running]
[init.svc.health-hal-2-1-samsung]: [running]
[init.svc.heapprofd]: [stopped]
[init.svc.hidl_memory]: [running]
[init.svc.hqmserv]: [running]
[init.svc.hwservicemanager]: [running]
[init.svc.idmap2d]: [stopped]
[init.svc.imsd]: [running]
[init.svc.incidentd]: [running]
[init.svc.installd]: [running]
[init.svc.insthk]: [stopped]
[init.svc.iod]: [running]
[init.svc.irsc_util]: [stopped]
[init.svc.irsc_util_oem]: [stopped]
[init.svc.keymaster-4-0]: [running]
[init.svc.keystore2]: [running]
[init.svc.lmkd]: [running]
[init.svc.loc_launcher]: [running]
[init.svc.logd]: [running]
[init.svc.logd-auditctl]: [stopped]
[init.svc.logd-reinit]: [stopped]
[init.svc.macloader]: [stopped]
[init.svc.media]: [running]
[init.svc.media.swcodec]: [running]
[init.svc.mediadrm]: [running]
[init.svc.mediaextractor]: [running]
[init.svc.mediametrics]: [running]
[init.svc.mlid]: [running]
[init.svc.multiclient-daemon]: [running]
[init.svc.multiclient-daemon1]: [running]
[init.svc.netd]: [running]
[init.svc.network_config]: [stopped]
[init.svc.odsign]: [stopped]
[init.svc.pageboostd]: [running]
[init.svc.perf-hal-2-2]: [running]
[init.svc.powersnd]: [stopped]
[init.svc.ppd]: [running]
[init.svc.ptt_socket_app]: [stopped]
[init.svc.qcom-c_core-sh]: [stopped]
[init.svc.qcom-c_main-sh]: [stopped]
[init.svc.qcom-post-boot]: [stopped]
[init.svc.qcom-sh]: [stopped]
[init.svc.qseecom-service]: [running]
[init.svc.qti-testscripts]: [stopped]
[init.svc.qti_esepowermanager_service_1_1]: [running]
[init.svc.rdxd]: [stopped]
[init.svc.resetreason]: [stopped]
[init.svc.ril-daemon]: [running]
[init.svc.ril-daemon1]: [running]
[init.svc.samsung-software-media-c2-hal-1-0]: [running]
[init.svc.scs]: [stopped]
[init.svc.sec-miscpower-2-0]: [running]
[init.svc.sec-sysinput-1-2]: [running]
[init.svc.sec-vibrator-2-2]: [running]
[init.svc.servicemanager]: [running]
[init.svc.sim_config]: [stopped]
[init.svc.soter-1-0]: [running]
[init.svc.spqr_service]: [running]
[init.svc.ssgqmigd]: [running]
[init.svc.statsd]: [running]
[init.svc.storaged]: [running]
[init.svc.surfaceflinger]: [running]
[init.svc.system_suspend]: [running]
[init.svc.thermal-engine]: [running]
[init.svc.time_daemon]: [running]
[init.svc.tombstoned]: [running]
[init.svc.traced]: [running]
[init.svc.traced_perf]: [stopped]
[init.svc.traced_probes]: [running]
[init.svc.tui_comm-1-0]: [running]
[init.svc.ueventd]: [running]
[init.svc.usbd]: [stopped]
[init.svc.vaultkeeper]: [running]
[init.svc.vaultkeeper_hal]: [running]
[init.svc.vendor-samsung-hardware-media-converter-hal-1-0]: [running]
[init.svc.vendor-sensor-sh]: [stopped]
[init.svc.vendor_flash_recovery]: [stopped]
[init.svc.vndservicemanager]: [running]
[init.svc.vold]: [running]
[init.svc.wcnss-service]: [running]
[init.svc.wificond]: [running]
[init.svc.zygote]: [running]
[log.tag.APM_AudioPolicyManager]: [V]
[log.tag.ClatdController]: [D]
[log.tag.ConnectivityManager]: [D]
[log.tag.ConnectivityService]: [D]
[log.tag.IptablesRestoreController]: [D]
[log.tag.NetworkLogger]: [D]
[log.tag.SetupLibrary]: [VERVOSE]
[log.tag.SetupWizard]: [VERVOSE]
[log.tag.stats_log]: [I]
[mdc.omc.config_version]: [SAOMC_SM-A115M_OWO_ZTO_12_0013]
[mdc.omc_root]: [/prism/etc/carriers]
[mdc.scs.running_state]: [4]
[mdc.scs.tss_checked]: [1]
[mdc.singlesku]: [true]
[mdc.singlesku.activated]: [true]
[mdc.sys.enable_smff]: [true]
[mdc.sys.locale]: [pt-BR]
[mdc.system.nw_path]: [/optics/configs/carriers/single/ZTO/conf/system]
[mdc.system.nw_path2]: [/optics/configs/carriers/single/ZTO/conf/system]
[mdc.system.path]: [/optics/configs/carriers/single/ZTO/conf/system]
[mdc.unified]: [false]
[mdc.vendor.nw_path]: [/optics/configs/carriers/single/ZTO/conf/system]
[mdc.vendor.nw_path2]: [/optics/configs/carriers/single/ZTO/conf/system]
[mdc.vendor.path]: [/optics/configs/carriers/single/ZTO/conf/system]
[media.aac_51_output_enabled]: [true]
[media.msm8956hw]: [0]
[media.settings.xml]: [/vendor/etc/media_profiles_vendor.xml]
[mm.enable.smoothstreaming]: [true]
[mmp.enable.3g2]: [true]
[net.bt.name]: [Android]
[net.qtaguid_enabled]: [1]
[net.tcp.2g_init_rwnd]: [10]
[odsign.key.done]: [1]
[odsign.verification.done]: [1]
[odsign.verification.success]: [1]
[persist.audio.allsoundmute]: [0]
[persist.audio.headsetsysvolume]: [9]
[persist.audio.hphonesysvolume]: [9]
[persist.audio.isfmactive]: [0]
[persist.audio.pcmdump]: [0]
[persist.audio.ringermode]: [2]
[persist.audio.sales_code]: [ZTO]
[persist.audio.sysvolume]: [9]
[persist.config.chimera.enable]: [true]
[persist.console.silent.config]: [1]
[persist.data.netmgrd.qos.enable]: [true]
[persist.debug.coresight.config]: [stm-events]
[persist.debug.wfd.enable]: [1]
[persist.demo.hdmirotationlock]: [false]
[persist.device_config.runtime_native.usap_pool_enabled]: []
[persist.device_config.runtime_native.usap_pool_size_max]: []
[persist.device_config.runtime_native.usap_pool_size_min]: []
[persist.device_config.runtime_native.usap_refill_threshold]: []
[persist.device_config.runtime_native_boot.enable_generational_cc]: [false]
[persist.fuse_sdcard]: [true]
[persist.hwc.enable_vds]: [1]
[persist.hwc.mdpcomp.enable]: [true]
[persist.log.level]: [0xFFFFFFFF]
[persist.log.semlevel]: [0xFFFFFF00]
[persist.mm.sta.enable]: [0]
[persist.qfp]: [false]
[persist.radio.airplane_mode_on]: [0]
[persist.radio.block_atcmd.status]: [1]
[persist.radio.latest-modeltype0]: [2]
[persist.radio.latest-modeltype1]: [2]
[persist.radio.max_ims_instance]: [2]
[persist.radio.multisim.config]: [dsds]
[persist.radio.silent-reset]: [4]
[persist.ril.config.defaultmsgapp]: [SM]
[persist.ril.interfaceconf.failed]: [2]
[persist.ril.preconfig]: [0]
[persist.rild.nitz_long_ons_0]: []
[persist.rild.nitz_long_ons_1]: []
[persist.rild.nitz_long_ons_2]: []
[persist.rild.nitz_long_ons_3]: []
[persist.rild.nitz_plmn]: []
[persist.rild.nitz_short_ons_0]: []
[persist.rild.nitz_short_ons_1]: []
[persist.rild.nitz_short_ons_2]: []
[persist.rild.nitz_short_ons_3]: []
[persist.service.bgkeycount]: []
[persist.sys.boot.reason]: []
[persist.sys.boot.reason.history]: [reboot,lpm,333316
reboot,lpm,322055
reboot,factory_reset,1700871797
recovery,316117]
[persist.sys.carrierid_etcpath]: [/prism/etc/carriers/single/ZTO]
[persist.sys.csc_status]: [normal]
[persist.sys.dalvik.vm.lib.2]: [libart.so]
[persist.sys.displayinset.top]: [0]
[persist.sys.dualapp.directory.revision]: [1]
[persist.sys.dualapp.prop]: [1]
[persist.sys.enablehomekey]: [false]
[persist.sys.fuse]: [true]
[persist.sys.ims.supportmmtel1]: [0]
[persist.sys.ims.supportmmtel2]: [0]
[persist.sys.knox.device_owner]: [false]
[persist.sys.knox.provisioning_in_progress]: [0]
[persist.sys.kpm_onoff]: [false]
[persist.sys.lmk.reportkills]: [true]
[persist.sys.locale]: [en-US]
[persist.sys.omc.alarm]: []
[persist.sys.omc.notification]: []
[persist.sys.omc.ringtone]: []
[persist.sys.omc_etcpath]: [/prism/etc/carriers/single/ZTO]
[persist.sys.omc_path]: [/optics/configs/carriers/single/ZTO/conf]
[persist.sys.omc_respath]: [/omr/res]
[persist.sys.omc_root]: [/prism/etc/carriers]
[persist.sys.omc_support]: [true]
[persist.sys.omcnw_path]: [/optics/configs/carriers/single/ZTO/conf]
[persist.sys.omcnw_path2]: [/optics/configs/carriers/single/ZTO/conf]
[persist.sys.packagecache]: [false]
[persist.sys.prev_activatedid]: [ZTO]
[persist.sys.prev_omcnwcode]: [ZTO]
[persist.sys.prev_omcnwcode2]: [ZTO]
[persist.sys.prev_salescode]: [ZTO]
[persist.sys.sec_cid_ver]: [120039]
[persist.sys.setupwizard]: [FINISH]
[persist.sys.silent]: [0]
[persist.sys.storage_preload]: [2]
[persist.sys.timezone]: [America/Lima]
[persist.sys.usb.config]: [mtp,adb]
[persist.sys.vzw_wifi_running]: [false]
[persist.sys.zram.daily_quota]: [262144]
[persist.sys.zram.daily_quota_remain]: [262144]
[persist.sys.zram.ram_expand_size]: [4096]
[persist.sys.zram.total_writes]: [3003]
[persist.sys.zram0.bigdata_info]: [0,0,0,0,0,0,0,0,0,0]
[persist.traced.enable]: [1]
[persist.vendor.audio.fluence.speaker]: [false]
[persist.vendor.audio.fluence.voicecall]: [true]
[persist.vendor.audio.fluence.voicerec]: [true]
[persist.vendor.audio.hw.binder.size_kbyte]: [1024]
[persist.vendor.audio.speaker.prot.enable]: [false]
[persist.vendor.qcom.bluetooth.enable.splita2dp]: [false]
[persist.vendor.qcom.bluetooth.soc]: [pronto]
[persist.vendor.radio.apm_sim_not_pwdn]: [1]
[persist.vendor.radio.atfwd.start]: [true]
[persist.vendor.radio.custom_ecc]: [1]
[persist.vendor.radio.enableadvancedscan]: [false]
[persist.vendor.radio.procedure_bytes]: [SKIP]
[persist.vendor.radio.rat_on]: [combine]
[persist.vendor.radio.sib16_support]: [1]
[persist.vendor.runin.fp]: [cdfinger]
[persist.vendor.service.bdroid.rxthread.stuck.count]: [0]
[persist.vendor.service.bdroid.system_delay_crash_count]: [0]
[pm.dexopt.ab-ota]: [speed-profile]
[pm.dexopt.bg-dexopt]: [speed-profile]
[pm.dexopt.boot-after-ota]: [verify]
[pm.dexopt.cmdline]: [verify]
[pm.dexopt.first-boot]: [verify]
[pm.dexopt.inactive]: [verify]
[pm.dexopt.install]: [speed-profile]
[pm.dexopt.install-bulk]: [speed-profile]
[pm.dexopt.install-bulk-downgraded]: [verify]
[pm.dexopt.install-bulk-secondary]: [verify]
[pm.dexopt.install-bulk-secondary-downgraded]: [extract]
[pm.dexopt.install-fast]: [skip]
[pm.dexopt.post-boot]: [extract]
[pm.dexopt.shared]: [speed]
[restore.feature.use_samsung_smart_switch_flow]: [1]
[ril.CHAR]: [132139628]
[ril.CompleteMsg]: [OK]
[ril.ICC_TYPE0]: [0]
[ril.ICC_TYPE1]: [0]
[ril.LIMA]: [31508]
[ril.RildInit]: [1,1]
[ril.approved_codever]: [none]
[ril.approved_cscver]: [none]
[ril.approved_modemver]: [none]
[ril.backoffstate]: [268436480]
[ril.cidManager.initiated]: [0]
[ril.cpreset]: [0]
[ril.cs_svc]: [1]
[ril.data.intfprefix]: [rmnet_data]
[ril.dds.call.slotid]: [-1]
[ril.dds.data.slotid]: [0]
[ril.dds.datacross.slotid]: [-1]
[ril.eri_num]: [1]
[ril.eri_ver_1]: [E:None ]
[ril.halservice.registered.slot1]: [true]
[ril.halservice.registered.slot2]: [true]
[ril.hasSimAbsent]: [1,1]
[ril.hasisim]: [0,0]
[ril.hw_ver]: [MP1.0]
[ril.ims.ltevoicesupport]: [0,0]
[ril.initPB]: [0]
[ril.initPB2]: [0]
[ril.iscdma]: [0]
[ril.lte.voice.status]: [0]
[ril.model_id]: [25493262]
[ril.modem.board]: [SDM450]
[ril.official_cscver]: [A115MOWO5CWK1]
[ril.phone.connected.slot1]: [true]
[ril.phone.connected.slot2]: [true]
[ril.pnd_rps_iface]: [rmnet_ipa0]
[ril.pnd_rps_mask]: [10]
[ril.product_code]: [SM-A115MZBSZTO]
[ril.qc.codename]: [jacala]
[ril.radiostate]: [10]
[ril.read.done]: [1]
[ril.region_props]: [ZTO.ZTO]
[ril.reject_enabled]: [1]
[ril.rfcal_date]: [2021.03.03]
[ril.set_pnd_rps]: [true]
[ril.signal.param0]: [-6,255,255,255,255,255,255]
[ril.signal.param1]: [255,255,255,255,255,255,255]
[ril.sim.ef_rat_mode1]: []
[ril.sim.ef_rat_mode2]: []
[ril.sim.opl0]: [-1]
[ril.sim.opl1]: [-1]
[ril.sim.opl5g0]: [-1]
[ril.sim.opl5g1]: [-1]
[ril.simoperator]: [,]
[ril.skt.network_regist]: [Status0;Idle0;CS0;PS0]
[ril.sms_preference]: [2,0]
[ril.subscription.types]: [NV,RUIM]
[ril.sw_ver]: [A115MUBS5CWK2]
[ril.twwan911Timer]: [0]
[ril.wfc.default_spn]: [,]
[rild.libargs]: [-d /dev/smd0]
[rild.libpath]: [/vendor/lib64/libril-qc-qmi-1.so]
[ro.actionable_compatible_property.enabled]: [true]
[ro.adb.secure]: [1]
[ro.allow.mock.location]: [0]
[ro.apex.updatable]: [true]
[ro.baseband]: [msm]
[ro.binary.type]: [user]
[ro.board.platform]: [msm8953]
[ro.boot.activatedid]: [ZTO]
[ro.boot.ap_serial]: [0x683fcacc]
[ro.boot.avb_version]: [1.2]
[ro.boot.baseband]: [msm]
[ro.boot.boot_devices]: [soc/7824900.sdhci]
[ro.boot.boot_recovery]: [0]
[ro.boot.bootdevice]: [7824900.sdhci]
[ro.boot.bootloader]: [A115MUBS5CWK2]
[ro.boot.bootreason]: [reboot,lpm]
[ro.boot.carrierid]: [ZTO]
[ro.boot.carrierid.param.offset]: [11534796]
[ro.boot.console]: [ttyMSM0]
[ro.boot.cp_debug_level]: [0x55FF]
[ro.boot.debug_level]: [0x4f4c]
[ro.boot.dtb_idx]: [1]
[ro.boot.dtbo_idx]: [3]
[ro.boot.dynamic_partitions]: [true]
[ro.boot.em.did]: [0000683fcacc]
[ro.boot.em.model]: [SM-A115M]
[ro.boot.em.status]: [0x0]
[ro.boot.emmc]: [true]
[ro.boot.flash.locked]: [1]
[ro.boot.force_upload]: [0x0]
[ro.boot.hardware]: [qcom]
[ro.boot.im.param.offset]: [11534384]
[ro.boot.keymaster]: [1]
[ro.boot.me.param.offset]: [11534464]
[ro.boot.pcbainfo]: [LATAM_MP1]
[ro.boot.pr.param.offset]: [11534624]
[ro.boot.prototype.param.offset]: [11534812]
[ro.boot.reserve_mem_region]: [0x0]
[ro.boot.rp]: [5]
[ro.boot.sales.param.offset]: [11534800]
[ro.boot.sales_code]: [ZTO]
[ro.boot.sb.debug0]: [0x0]
[ro.boot.sec_atd.tty]: [/dev/ttyHS8]
[ro.boot.secureboot]: [read-reg-fail]
[ro.boot.serialno]: [R9XR30163QV]
[ro.boot.sku.param.offset]: [11534704]
[ro.boot.sn.param.offset]: [11534544]
[ro.boot.un]: [H1547503007CE0028DA7]
[ro.boot.usbconfigfs]: [true]
[ro.boot.vbmeta.avb_version]: [1.0]
[ro.boot.vbmeta.device_state]: [locked]
[ro.boot.vbmeta.digest]: [6ff9b3c5db34c0ef5eeceb795299d2392766746774de01981210c457b300c11e]
[ro.boot.vbmeta.hash_alg]: [sha256]
[ro.boot.vbmeta.size]: [16704]
[ro.boot.verifiedbootstate]: [green]
[ro.boot.veritymode]: [enforcing]
[ro.bootimage.build.date]: [Sat Nov 25 09:21:16 KST 2023]
[ro.bootimage.build.date.utc]: [1700871676]
[ro.bootimage.build.fingerprint]: [samsung/a11qub/a11q:12/SP1A.210812.016/A115MUBS5CWK2:user/release-keys]
[ro.bootimage.build.id]: [SP1A.210812.016]
[ro.bootimage.build.tags]: [release-keys]
[ro.bootimage.build.type]: [user]
[ro.bootimage.build.version.incremental]: [A115MUBS5CWK2]
[ro.bootimage.build.version.release]: [12]
[ro.bootimage.build.version.release_or_codename]: [12]
[ro.bootimage.build.version.sdk]: [31]
[ro.bootloader]: [A115MUBS5CWK2]
[ro.bootmode]: [unknown]
[ro.build.2ndbrand]: [true]
[ro.build.PDA]: [A115MUBS5CWK2]
[ro.build.changelist]: [24346293]
[ro.build.characteristics]: [phone]
[ro.build.date]: [Sat Nov 25 09:21:16 KST 2023]
[ro.build.date.utc]: [1700871676]
[ro.build.description]: [a11qub-user 12 SP1A.210812.016 A115MUBS5CWK2 release-keys]
[ro.build.display.id]: [SP1A.210812.016.A115MUBS5CWK2]
[ro.build.display_build_number]: [true]
[ro.build.fingerprint]: [samsung/a11qub/a11q:12/SP1A.210812.016/A115MUBS5CWK2:user/release-keys]
[ro.build.flavor]: [a11qub-user]
[ro.build.host]: [21DKGA10]
[ro.build.id]: [SP1A.210812.016]
[ro.build.keys]: [test-keys]
[ro.build.official.release]: [true]
[ro.build.product]: [a11q]
[ro.build.selinux]: [1]
[ro.build.selinux.enforce]: [1]
[ro.build.tags]: [release-keys]
[ro.build.type]: [user]
[ro.build.user]: [dpi]
[ro.build.version.all_codenames]: [REL]
[ro.build.version.base_os]: [samsung/a11qub/a11q:12/SP1A.210812.016/A115MUBU4CWF1:user/release-keys]
[ro.build.version.codename]: [REL]
[ro.build.version.incremental]: [A115MUBS5CWK2]
[ro.build.version.min_supported_target_sdk]: [23]
[ro.build.version.oneui]: [40100]
[ro.build.version.preview_sdk]: [0]
[ro.build.version.preview_sdk_fingerprint]: [REL]
[ro.build.version.release]: [12]
[ro.build.version.release_or_codename]: [12]
[ro.build.version.sdk]: [31]
[ro.build.version.security_index]: [1]
[ro.build.version.security_patch]: [2023-11-01]
[ro.build.version.sem]: [3101]
[ro.build.version.sep]: [130100]
[ro.carrier]: [unknown]
[ro.channel.officehubrow]: [SAMSUNG_PRELOAD]
[ro.com.google.clientidbase]: [android-samsung-ss]
[ro.com.google.gmsversion]: [12_202204]
[ro.config.alarm_alert]: [Homecoming.ogg]
[ro.config.dmverity]: [G]
[ro.config.media_sound]: [Media_preview_Touch_the_light.ogg]
[ro.config.notification_sound]: [Spaceline.ogg]
[ro.config.notification_sound_2]: [Signal.ogg]
[ro.config.pageboost.active_launch.enabled]: [true]
[ro.config.pageboost.io_prefetch.enabled]: [true]
[ro.config.pageboost.io_prefetch.level]: [3]
[ro.config.pageboost.vramdisk.bootfile.enabled]: [true]
[ro.config.pageboost.vramdisk.without_predict]: [true]
[ro.config.ringtone]: [Over_the_Horizon.ogg]
[ro.config.ringtone_2]: [Atomic_Bell.ogg]
[ro.config.rm_preload_enabled]: [1]
[ro.config.vc_call_vol_steps]: [6]
[ro.control_privapp_permissions]: [enforce]
[ro.crypto.metadata_init_delete_all_keys.enabled]: [false]
[ro.crypto.state]: [encrypted]
[ro.crypto.type]: [file]
[ro.csc.country_code]: [Brazil]
[ro.csc.countryiso_code]: [BR]
[ro.csc.facebook.partnerid]: [samsung:dec1cc9c-1497-4aab-b953-cee702c2a481]
[ro.csc.omcnw_code]: [ZTO]
[ro.csc.omcnw_code2]: [ZTO]
[ro.csc.sales_code]: [ZTO]
[ro.csc.spotify.music.partnerid]: [samsung-mobile-preload]
[ro.csc.spotify.music.referrerid]: [samsung-mobile-preload]
[ro.cutoff_voltage_mv]: [3400]
[ro.dalvik.vm.native.bridge]: [0]
[ro.debuggable]: [0]
[ro.em.version]: [15]
[ro.emmc_size]: [16GB]
[ro.fm.transmitter]: [false]
[ro.frp.pst]: [/dev/block/persistent]
[ro.hardware]: [qcom]
[ro.hardware.egl]: [adreno]
[ro.hardware.keystore_desede]: [true]
[ro.hardware.vulkan]: [adreno]
[ro.hwui.drop_shadow_cache_size]: [6]
[ro.hwui.gradient_cache_size]: [1]
[ro.hwui.layer_cache_size]: [48]
[ro.hwui.path_cache_size]: [32]
[ro.hwui.r_buffer_cache_size]: [8]
[ro.hwui.text_large_cache_height]: [1024]
[ro.hwui.text_large_cache_width]: [2048]
[ro.hwui.text_small_cache_height]: [1024]
[ro.hwui.text_small_cache_width]: [1024]
[ro.hwui.texture_cache_flushrate]: [0.4]
[ro.hwui.texture_cache_size]: [72]
[ro.hwui.use_vulkan]: []
[ro.iorapd.enable]: [false]
[ro.kernel.qemu]: [0]
[ro.linkedin.channel]: [samsung_preload]
[ro.logd.auditd]: [false]
[ro.logd.size.stats]: [64K]
[ro.multisim.simslotcount]: [2]
[ro.netflix.channel]: [2eb27aa0-3926-11e9-8c73-9b498cd1a550]
[ro.netflix.signup]: [1]
[ro.odm.build.date]: [Sat Nov 25 09:21:16 KST 2023]
[ro.odm.build.date.utc]: [1700871676]
[ro.odm.build.fingerprint]: [samsung/a11qub/a11q:12/SP1A.210812.016/A115MUBS5CWK2:user/release-keys]
[ro.odm.build.version.incremental]: [A115MUBS5CWK2]
[ro.oem.key1]: [ZTO]
[ro.oem.key2]: [ZTO]
[ro.omc.build.id]: [73848139]
[ro.omc.build.version]: [A115MOWO5CWK1]
[ro.omc.changetype]: [DATA_RESET_ON,TRUE]
[ro.omc.disabler]: [FALSE]
[ro.omc.img_mount]: [0]
[ro.omc.multi_csc]: [OWO]
[ro.opa.eligible_device]: [true]
[ro.opengles.version]: [196610]
[ro.organization_owned]: [false]
[ro.postinstall.fstab.prefix]: [/system]
[ro.product.board]: [QC_Reference_Phone]
[ro.product.bootimage.brand]: [samsung]
[ro.product.bootimage.device]: [a11q]
[ro.product.bootimage.manufacturer]: [samsung]
[ro.product.bootimage.model]: [SM-A115M]
[ro.product.bootimage.name]: [a11qub]
[ro.product.brand]: [samsung]
[ro.product.build.date]: [Sat Nov 25 09:21:16 KST 2023]
[ro.product.build.date.utc]: [1700871676]
[ro.product.build.fingerprint]: [samsung/a11qub/a11q:12/SP1A.210812.016/A115MUBS5CWK2:user/release-keys]
[ro.product.build.id]: [SP1A.210812.016]
[ro.product.build.tags]: [release-keys]
[ro.product.build.type]: [user]
[ro.product.build.version.incremental]: [A115MUBS5CWK2]
[ro.product.build.version.release]: [12]
[ro.product.build.version.release_or_codename]: [12]
[ro.product.build.version.sdk]: [31]
[ro.product.cpu.abi]: [armeabi-v7a]
[ro.product.cpu.abi2]: [armeabi]
[ro.product.cpu.abilist]: [armeabi-v7a,armeabi]
[ro.product.cpu.abilist32]: [armeabi-v7a,armeabi]
[ro.product.cpu.abilist64]: []
[ro.product.device]: [a11q]
[ro.product.first_api_level]: [29]
[ro.product.locale]: [en-GB]
[ro.product.manufacturer]: [samsung]
[ro.product.model]: [SM-A115M]
[ro.product.name]: [a11qub]
[ro.product.odm.brand]: [samsung]
[ro.product.odm.device]: [a11q]
[ro.product.odm.manufacturer]: [samsung]
[ro.product.odm.model]: [SM-A115M]
[ro.product.odm.name]: [a11qub]
[ro.product.product.brand]: [samsung]
[ro.product.product.device]: [a11q]
[ro.product.product.manufacturer]: [samsung]
[ro.product.product.model]: [SM-A115M]
[ro.product.product.name]: [a11qub]
[ro.product.system.brand]: [samsung]
[ro.product.system.device]: [a11q]
[ro.product.system.manufacturer]: [samsung]
[ro.product.system.model]: [SM-A115M]
[ro.product.system.name]: [a11qub]
[ro.product.system_ext.brand]: [samsung]
[ro.product.system_ext.device]: [a11q]
[ro.product.system_ext.manufacturer]: [samsung]
[ro.product.system_ext.model]: [SM-A115M]
[ro.product.system_ext.name]: [a11qub]
[ro.product.vendor.brand]: [samsung]
[ro.product.vendor.device]: [a11q]
[ro.product.vendor.manufacturer]: [samsung]
[ro.product.vendor.model]: [SM-A115M]
[ro.product.vendor.name]: [a11qub]
[ro.product.vendor_dlkm.brand]: [samsung]
[ro.product.vendor_dlkm.device]: [a11q]
[ro.product.vendor_dlkm.manufacturer]: [samsung]
[ro.product.vendor_dlkm.model]: [SM-A115M]
[ro.product.vendor_dlkm.name]: [a11qub]
[ro.product_ship]: [true]
[ro.property_service.version]: [2]
[ro.qualcomm.cabl]: [2]
[ro.radio.noril]: [no]
[ro.revision]: [0]
[ro.ril.def_network_after_check_tdscdma]: [9]
[ro.ril.support_cdma]: [false]
[ro.ril.svdo]: [false]
[ro.ril.svlte1x]: [false]
[ro.secure]: [1]
[ro.security.cass.feature]: [1]
[ro.security.fips.ux]: [Disabled]
[ro.security.reactive.version]: [2.0.13]
[ro.security.vpnpp.release]: [1.0]
[ro.security.vpnpp.ver]: [2.3]
[ro.serialno]: [R9XR30163QV]
[ro.setupwizard.mode]: [OPTIONAL]
[ro.setupwizard.rotation_locked]: [false]
[ro.setupwizard.wifi_on_exit]: [false]
[ro.sf.lcd_density]: [280]
[ro.simbased.changetype]: [NO_DFLT_CSC,OMC]
[ro.slmk.2nd.dha_cached_max]: [10]
[ro.slmk.2nd.dha_empty_max]: [20]
[ro.slmk.2nd.swap_free_low_percentage]: [20]
[ro.slmk.2nd.upgrade_pressure]: [55]
[ro.slmk.add_bonusEFK]: [2]
[ro.slmk.bEFKb_enable]: [true]
[ro.slmk.beks_enable]: [true]
[ro.slmk.beks_key]: [557]
[ro.slmk.chimera_heavy_launch_param]: [80,25]
[ro.slmk.chimera_kill_boost_on_heavy]: [true]
[ro.slmk.chimera_strategy_2gb]: [485,4,4,885]
[ro.slmk.critical]: [50]
[ro.slmk.custom_sw_limit]: [200]
[ro.slmk.custom_tm_limit]: [1000]
[ro.slmk.dha_2ndprop_thMB]: [2048]
[ro.slmk.dha_cached_max]: [5]
[ro.slmk.dha_cached_min]: [2]
[ro.slmk.dha_empty_init]: [14]
[ro.slmk.dha_empty_max]: [14]
[ro.slmk.dha_empty_min]: [2]
[ro.slmk.dha_lmk_scale]: [0.696]
[ro.slmk.dha_pwhl_key]: [1]
[ro.slmk.enable_reentry_lmk]: [true]
[ro.slmk.enable_userspace_lmk]: [true]
[ro.slmk.fha_enable]: [true]
[ro.slmk.freelimit_val]: [14]
[ro.slmk.kill_heaviest_task]: [true]
[ro.slmk.lmkd_killexcept_enable]: [true]
[ro.slmk.max_snapshot_num]: [2]
[ro.slmk.plg_key]: [64]
[ro.slmk.plg_memory_th]: [1024]
[ro.slmk.provider_upgrade_adj]: [true]
[ro.slmk.psi_critical]: [130]
[ro.slmk.psi_medium]: [80]
[ro.slmk.swap_free_low_percentage]: [45]
[ro.slmk.upgrade_pressure]: [45]
[ro.slmk.use_drkill_boost]: [true]
[ro.slmk.use_lowmem_keep_except]: [true]
[ro.slmk.v_BootEFK]: [102400]
[ro.slmk.v_bonusEFK]: [20480]
[ro.soc.manufacturer]: [QTI]
[ro.soc.model]: [SDM450]
[ro.sts.property]: [FALSE]
[ro.system.build.date]: [Sat Nov 25 09:21:16 KST 2023]
[ro.system.build.date.utc]: [1700871676]
[ro.system.build.fingerprint]: [samsung/a11qub/a11q:12/SP1A.210812.016/A115MUBS5CWK2:user/release-keys]
[ro.system.build.id]: [SP1A.210812.016]
[ro.system.build.tags]: [release-keys]
[ro.system.build.type]: [user]
[ro.system.build.version.incremental]: [A115MUBS5CWK2]
[ro.system.build.version.release]: [12]
[ro.system.build.version.release_or_codename]: [12]
[ro.system.build.version.sdk]: [31]
[ro.system.build.version.sehi]: [3101]
[ro.system.product.cpu.abilist]: [armeabi-v7a,armeabi]
[ro.system.product.cpu.abilist32]: [armeabi-v7a,armeabi]
[ro.system.product.cpu.abilist64]: []
[ro.system_ext.build.date]: [Sat Nov 25 09:21:16 KST 2023]
[ro.system_ext.build.date.utc]: [1700871676]
[ro.system_ext.build.fingerprint]: [samsung/a11qub/a11q:12/SP1A.210812.016/A115MUBS5CWK2:user/release-keys]
[ro.system_ext.build.id]: [SP1A.210812.016]
[ro.system_ext.build.tags]: [release-keys]
[ro.system_ext.build.type]: [user]
[ro.system_ext.build.version.incremental]: [A115MUBS5CWK2]
[ro.system_ext.build.version.release]: [12]
[ro.system_ext.build.version.release_or_codename]: [12]
[ro.system_ext.build.version.sdk]: [31]
[ro.telephony.call_ring.multiple]: [false]
[ro.telephony.default_cdma_sub]: [0]
[ro.telephony.default_network]: [9]
[ro.telephony.iwlan_operation_mode]: [legacy]
[ro.treble.enabled]: [true]
[ro.vendor.audio.sdk.fluencetype]: [fluence]
[ro.vendor.audio.sdk.ssr]: [false]
[ro.vendor.bluetooth.wipower]: [false]
[ro.vendor.build.date]: [Sat Nov 25 09:21:16 KST 2023]
[ro.vendor.build.date.utc]: [1700871676]
[ro.vendor.build.fingerprint]: [samsung/a11qub/a11q:12/SP1A.210812.016/A115MUBS5CWK2:user/release-keys]
[ro.vendor.build.id]: [SP1A.210812.016]
[ro.vendor.build.security_patch]: [2023-11-01]
[ro.vendor.build.tags]: [release-keys]
[ro.vendor.build.type]: [user]
[ro.vendor.build.version.incremental]: [A115MUBS5CWK2]
[ro.vendor.build.version.release]: [12]
[ro.vendor.build.version.release_or_codename]: [12]
[ro.vendor.build.version.sdk]: [31]
[ro.vendor.multisim.simslotcount]: [2]
[ro.vendor.product.cpu.abilist]: [armeabi-v7a,armeabi]
[ro.vendor.product.cpu.abilist32]: [armeabi-v7a,armeabi]
[ro.vendor.product.cpu.abilist64]: []
[ro.vendor.qti.va_aosp.support]: [1]
[ro.vendor.qti.va_odm.support]: [1]
[ro.vendor.radio.default_network]: [9]
[ro.vendor.radio.default_network_by]: [ConfigDefaultNetwork_9]
[ro.vendor.radio.first_api_level]: [29]
[ro.vendor.ril.mbn_copy_completed]: [1]
[ro.vendor_dlkm.build.date]: [Sat Nov 25 09:21:16 KST 2023]
[ro.vendor_dlkm.build.date.utc]: [1700871676]
[ro.vendor_dlkm.build.fingerprint]: [samsung/a11qub/a11q:12/SP1A.210812.016/A115MUBS5CWK2:user/release-keys]
[ro.vendor_dlkm.build.id]: [SP1A.210812.016]
[ro.vendor_dlkm.build.tags]: [release-keys]
[ro.vendor_dlkm.build.type]: [user]
[ro.vendor_dlkm.build.version.incremental]: [A115MUBS5CWK2]
[ro.vendor_dlkm.build.version.release]: [12]
[ro.vendor_dlkm.build.version.release_or_codename]: [12]
[ro.vendor_dlkm.build.version.sdk]: [31]
[ro.vndk.version]: [31]
[ro.wifi.channels]: []
[ro.zygote]: [zygote32]
[sdm.debug.disable_skip_validate]: [1]
[secmm.codecsolution.ready]: [1]
[secmm.hdrsolution.ready]: [1]
[security.ADP.policy_version]: [20230510]
[security.ADP.version]: [3.1]
[security.ASKS.policy_version]: [20221213]
[security.ASKS.rufs_enable]: [true]
[security.ASKS.time_value]: [00000000]
[security.ASKS.version]: [6.0]
[security.fbe.fail_cause]: [K00R]
[security.fbe.global_de]: [loaded]
[security.perf_harden]: [1]
[security.securehw.available]: [false]
[security.securenvm.available]: [false]
[selinux.policy_version]: [SEPF_SM-A115M_12_0001]
[selinux.restorecon_recursive]: [/data/sec]
[service.bt.security.policy.mode]: [2]
[service.camera.running]: [0]
[service.media.powersnd]: [1]
[service.sf.present_timestamp]: [1]
[setupwizard.feature.enable_stencil_partner_customization]: [1]
[setupwizard.theme]: [glif_v3_light]
[storage.support.sdcard]: [1]
[storage.support.usb]: [1]
[sys.adaptivedisplaysolution.adson]: [true]
[sys.boot.errp]: [1]
[sys.boot.reason]: [reboot,lpm]
[sys.boot.reason.last]: [reboot,lpm]
[sys.boot_completed]: [1]
[sys.bootstat.first_boot_completed]: [1]
[sys.cameracal.support]: [1]
[sys.config.activelaunch_enable]: [true]
[sys.config.hardcoder.enable]: [false]
[sys.config.ibs.enable]: [false]
[sys.config.mars_version]: [7.00]
[sys.dualapp.profile_id]: []
[sys.fuse.transcode_enabled]: [true]
[sys.hqm.support]: [true]
[sys.is_members]: [exist]
[sys.is_vold_shutdown]: [0]
[sys.mdniecontrolservice.mscon]: [true]
[sys.oem_unlock_allowed]: [1]
[sys.pdp.action]: [setupwizard_finish]
[sys.perf.aal]: [true]
[sys.perf.aid]: [true]
[sys.perf.bc]: [true]
[sys.perf.cg]: [true]
[sys.perf.fbooster]: [true]
[sys.perf.gvn]: [true]
[sys.perf.olaf]: [false]
[sys.perf.schd]: [true]
[sys.perf.status]: [false]
[sys.perf.tbooster]: [true]
[sys.perf.zygote]: [true]
[sys.rdxd.create]: [1]
[sys.rdxd.erase_all]: [1]
[sys.rdxd.stop_reason]: [not_allowed]
[sys.rdxd.total_size]: [4]
[sys.readahead.resource]: [0]
[sys.rearcamera2nd.support]: [1]
[sys.rearcamera3rd.support]: [1]
[sys.recovery.deleteapn]: [done]
[sys.recovery.resizing]: [done]
[sys.rescue_boot_count]: [1]
[sys.reset_reason]: []
[sys.smartpa.support]: [0]
[sys.smf.mnoname0]: [Claro_BR|ABSENT]
[sys.smf.mnoname1]: [Claro_BR|ABSENT]
[sys.submic.support]: [1]
[sys.sysctl.extra_free_kbytes]: [33642]
[sys.sysctl.origin_extra_free_kbytes]: [33642]
[sys.sysctl.watermark_boost_factor]: [0]
[sys.system_server.start_count]: [1]
[sys.system_server.start_elapsed]: [20640]
[sys.system_server.start_uptime]: [20640]
[sys.usb.config]: [mtp,adb]
[sys.usb.configfs]: [1]
[sys.usb.configured]: [configured]
[sys.usb.controller]: [7000000.dwc3]
[sys.usb.mtp.device_type]: [3]
[sys.usb.state]: [mtp,adb]
[sys.use_memfd]: [false]
[sys.user.0.ce_available]: [true]
[sys.vendor.shutdown.waittime]: [500]
[vendor.audio.dolby.ds2.enabled]: [false]
[vendor.audio.dolby.ds2.hardbypass]: [false]
[vendor.audio.feature.a2dp_offload.enable]: [false]
[vendor.audio.feature.anc_headset.enable]: [true]
[vendor.audio.feature.audiozoom.enable]: [false]
[vendor.audio.feature.auto_hal.enable]: [false]
[vendor.audio.feature.battery_listener.enable]: [false]
[vendor.audio.feature.compr_cap.enable]: [false]
[vendor.audio.feature.compr_voip.enable]: [true]
[vendor.audio.feature.compress_in.enable]: [false]
[vendor.audio.feature.compress_meta_data.enable]: [true]
[vendor.audio.feature.concurrent_capture.enable]: [false]
[vendor.audio.feature.custom_stereo.enable]: [true]
[vendor.audio.feature.deepbuffer_as_primary.enable]: [true]
[vendor.audio.feature.display_port.enable]: [false]
[vendor.audio.feature.dsm_feedback.enable]: [false]
[vendor.audio.feature.ext_hw_plugin.enable]: [false]
[vendor.audio.feature.external_dsp.enable]: [false]
[vendor.audio.feature.external_speaker.enable]: [false]
[vendor.audio.feature.external_speaker_tfa.enable]: [false]
[vendor.audio.feature.fluence.enable]: [true]
[vendor.audio.feature.fm.enable]: [true]
[vendor.audio.feature.hdmi_edid.enable]: [true]
[vendor.audio.feature.hdmi_passthrough.enable]: [false]
[vendor.audio.feature.hfp.enable]: [true]
[vendor.audio.feature.hifi_audio.enable]: [true]
[vendor.audio.feature.hwdep_cal.enable]: [false]
[vendor.audio.feature.incall_music.enable]: [true]
[vendor.audio.feature.kpi_optimize.enable]: [true]
[vendor.audio.feature.maxx_audio.enable]: [false]
[vendor.audio.feature.multi_voice_session.enable]: [true]
[vendor.audio.feature.ras.enable]: [false]
[vendor.audio.feature.record_play_concurency.enable]: [false]
[vendor.audio.feature.snd_mon.enable]: [true]
[vendor.audio.feature.spkr_prot.enable]: [false]
[vendor.audio.feature.src_trkn.enable]: [true]
[vendor.audio.feature.ssrec.enable]: [true]
[vendor.audio.feature.usb_offload.enable]: [false]
[vendor.audio.feature.usb_offload_burst_mode.enable]: [false]
[vendor.audio.feature.usb_offload_sidetone_volume.enable]: [false]
[vendor.audio.feature.vbat.enable]: [true]
[vendor.audio.feature.wsa.enable]: [true]
[vendor.audio.flac.sw.decoder.24bit]: [true]
[vendor.audio.hal.boot.timeout.ms]: [20000]
[vendor.audio.hw.aac.encoder]: [true]
[vendor.audio.offload.buffer.size.kb]: [64]
[vendor.audio.offload.gapless.enabled]: [true]
[vendor.audio.offload.multiaac.enable]: [true]
[vendor.audio.offload.multiple.enabled]: [false]
[vendor.audio.offload.passthrough]: [false]
[vendor.audio.offload.track.enable]: [true]
[vendor.audio.parser.ip.buffer.size]: [262144]
[vendor.audio.playback.mch.downsample]: [true]
[vendor.audio.pp.asphere.enabled]: [false]
[vendor.audio.read.wsatz.type]: [true]
[vendor.audio.safx.pbe.enabled]: [true]
[vendor.audio.spkcal]: [0]
[vendor.audio.spkr_prot.tx.sampling_rate]: [48000]
[vendor.audio.tunnel.encode]: [false]
[vendor.audio.use.sw.alac.decoder]: [true]
[vendor.audio.use.sw.ape.decoder]: [true]
[vendor.bluetooth_fw_ver]: [JDM_CNSS-PR-4-0-3-0000314]
[vendor.gralloc.disable_ubwc]: [0]
[vendor.gralloc.enable_fb_ubwc]: [1]
[vendor.hw.fm.init]: [0]
[vendor.voice.conc.fallbackpath]: [deep-buffer]
[vendor.voice.path.for.pcm.voip]: [true]
[vendor.voice.playback.conc.disabled]: [true]
[vendor.voice.record.conc.disabled]: [false]
[vendor.voice.voip.conc.disabled]: [true]
[vendor.wifi.dualconcurrent.interface]: [wlan0]
[vidc.enc.dcvs.extra-buff-count]: [2]
[vold.has_adoptable]: [1]
[vold.has_compress]: [0]
[vold.has_quota]: [1]
[vold.has_reserved]: [1]
