DISPLAY MANAGER (dumpsys display)
  mOnlyCode=false
  mSafeMode=false
  mPendingTraversal=false
  mViewports=[DisplayViewport{type=INTERNAL, valid=true, isActive=true, displayId=0, uniqueId='local:0', physicalPort=0, orientation=1, logicalFrame=Rect(0, 0 - 1560, 720), physicalFrame=Rect(0, 0 - 1560, 720), deviceWidth=1560, deviceHeight=720}]
  mDefaultDisplayDefaultColorMode=0
  mWifiDisplayScanRequestCount=0
  mStableDisplaySize=Point(720, 1560)
  mMinimumBrightnessCurve=[(0.0, 0.0), (10.0, 5.0), (100.0, 25.0), (500.0, 50.0), (1000.0, 150.0), (2999.0, 250.0)]


Display States: size=1
  Display Id=0
  Display State=ON
  Display Brightness=0.0425
  Display SdrBrightness=0.0425

Display State Limit Locks: size=0

Display State Limits: size=1
  Display Id=0
  Display State Limit=UNKNOWN

Display Adapters: size=4
  LocalDisplayAdapter
  VirtualDisplayAdapter
  OverlayDisplayAdapter
    mCurrentOverlaySetting=
    mOverlays: size=0
  WifiDisplayAdapter
    mCurrentStatus=WifiDisplayStatus{featureState=2, scanState=0, activeDisplayState=0, activeDisplay=null, displays=[]}
    mFeatureState=2
    mScanState=0
    mActiveDisplayState=0
    mActiveDisplay=null
    mDisplays=[]
    mAvailableDisplays=[]
    mRememberedDisplays=[]
    mPendingStatusChangeBroadcast=false
    mSupportsProtectedBuffers=true
    mDisplayController:
      mWifiDisplayOnSetting=false
      mWifiP2pEnabled=true
      mWfdEnabled=false
      mWfdEnabling=false
      mNetworkInfo=null
      mScanRequested=false
      mDiscoverPeersInProgress=false
      mDesiredDevice=null
      mConnectingDisplay=null
      mDisconnectingDisplay=null
      mCancelingDisplay=null
      mConnectedDevice=null
      mConnectionRetriesLeft=0
      mRemoteDisplay=null
      mRemoteDisplayInterface=null
      mRemoteDisplayConnected=false
      mAdvertisedDisplay=null
      mAdvertisedDisplaySurface=null
      mAdvertisedDisplayWidth=0
      mAdvertisedDisplayHeight=0
      mAdvertisedDisplayFlags=0
      mAvailableWifiDisplayPeers: size=0

Display Devices: size=1
  DisplayDeviceInfo{"Built-in Screen": uniqueId="local:0", 720 x 1560, modeId 1, defaultModeId 1, supportedModes [{id=1, width=720, height=1560, fps=60.000004, alternativeRefreshRates=[]}], colorMode 0, supportedColorModes [0], hdrCapabilities HdrCapabilities{mSupportedHdrTypes=[], mMaxLuminance=500.0, mMaxAverageLuminance=500.0, mMinLuminance=0.0}, allmSupported false, gameContentTypeSupported false, density 280, 320.842 x 319.548 dpi, appVsyncOff 1000000, presDeadline 16666666, cutout DisplayCutout{insets=Rect(0, 65 - 0, 0) waterfall=Insets{left=0, top=0, right=0, bottom=0} boundingRect={Bounds=[Rect(0, 0 - 0, 0), Rect(0, 0 - 84, 65), Rect(0, 0 - 0, 0), Rect(0, 0 - 0, 0)]} cutoutPathParserInfo={CutoutPathParserInfo{displayWidth=720 displayHeight=1560 density={1.75} cutoutSpec={M 0,0 M 34.28571428571429,9.828571428571429 a 13.6,13.6 0 1,0 0,27.2 a 13.6,13.6 0 1,0 0,-27.2 Z @dp @left} rotation={0} scale={1.0}}}}, touch INTERNAL, rotation 0, type INTERNAL, address {port=0}, deviceProductInfo null, state ON, frameRateOverride , brightnessMinimum 0.0, brightnessMaximum 1.0, brightnessDefault 0.39999998, roundedCorners RoundedCorners{[RoundedCorner{position=TopLeft, radius=56, center=Point(56, 56)}, RoundedCorner{position=TopRight, radius=56, center=Point(664, 56)}, RoundedCorner{position=BottomRight, radius=56, center=Point(664, 1504)}, RoundedCorner{position=BottomLeft, radius=56, center=Point(56, 1504)}]}, FLAG_DEFAULT_DISPLAY, FLAG_ROTATES_WITH_CONTENT, FLAG_SECURE, FLAG_SUPPORTS_PROTECTED_BUFFERS}
    mAdapter=LocalDisplayAdapter
    mUniqueId=local:0
    mDisplayToken=android.os.BinderProxy@221f22f
    mCurrentLayerStack=0
    mCurrentOrientation=1
    mCurrentLayerStackRect=Rect(0, 0 - 1560, 720)
    mCurrentDisplayRect=Rect(0, 0 - 1560, 720)
    mCurrentSurface=null
    mPhysicalDisplayId=0
    mDisplayModeSpecs={baseModeId=1 allowGroupSwitching=false primaryRefreshRateRange=[0 120] appRequestRefreshRateRange=[0 120]}
    mDisplayModeSpecsInvalid=false
    mActiveModeId=1
    mActiveColorMode=0
    mDefaultModeId=1
    mState=ON
    mBrightnessState=0.0425
    mBacklightAdapter=BacklightAdapter [useSurfaceControl=false (force_anyway? false), backlight=com.android.server.lights.LightsService$LightImpl@b518c53]
    mAllmSupported=false
    mAllmRequested=false
    mGameContentTypeSupported=false
    mGameContentTypeRequested=false
    mStaticDisplayInfo=StaticDisplayInfo{isInternal=true, density=1.75, secure=true, deviceProductInfo=null}
    mSfDisplayModes=
      DisplayMode{id=0, width=720, height=1560, xDpi=320.842, yDpi=319.548, refreshRate=60.000004, appVsyncOffsetNanos=1000000, presentationDeadlineNanos=16666666, group=-1}
    mActiveSfDisplayMode=DisplayMode{id=0, width=720, height=1560, xDpi=320.842, yDpi=319.548, refreshRate=60.000004, appVsyncOffsetNanos=1000000, presentationDeadlineNanos=16666666, group=-1}
    mSupportedModes=
      DisplayModeRecord{mMode={id=1, width=720, height=1560, fps=60.000004, alternativeRefreshRates=[]}}
    mSupportedColorModes=[0]
    mDisplayDeviceConfig=DisplayDeviceConfig{mLoadedFrom=<config.xml>, mBacklight=null, mNits=null, mRawBacklight=null, mRawNits=null, mBrightness=null, mBrightnessToBacklightSpline=MonotoneCubicSpline{[(0.0, 0.0: 1.0), (1.7529411, 1.7529411: 1.0)]}, mBacklightToBrightnessSpline=MonotoneCubicSpline{[(0.0, 0.0: 1.0), (1.7529411, 1.7529411: 1.0)]}, mBacklightMinimum=0.039215684, mBacklightMaximum=1.7529411, mBrightnessDefault=0.39999998, mQuirks=null, isHbmEnabled=true, mHbmData=HBM{minLux: -1.0, transition: 1.0, timeWindow: 0ms, timeMax: 0ms, timeMin: 0ms, thermalStatusLimit: 0, allowInLowPowerMode: true} , mBrightnessRampFastDecrease=0.7058824, mBrightnessRampFastIncrease=0.7058824, mBrightnessRampSlowDecrease=0.2352941, mBrightnessRampSlowIncrease=0.2352941, mAmbientLightSensor=Sensor{type: , name: , refreshRateRange: [0.0, Infinity]} , mProximitySensor=Sensor{type: , name: , refreshRateRange: [0.0, Infinity]} , mRefreshRateLimitations= []}

LogicalDisplayMapper:
  mSingleDisplayDemoMode=false
  mCurrentLayout=[{addr: {port=0}, dispId: 0(ON)}]
  
  Logical Displays: size=1
  Display 0:
    mDisplayId=0
    mPhase=1
    mLayerStack=0
    mHasContent=true
    mDesiredDisplayModeSpecs={baseModeId=1 allowGroupSwitching=false primaryRefreshRateRange=[0 120] appRequestRefreshRateRange=[0 120]}
    mRequestedColorMode=0
    mDisplayOffset=(0, 0)
    mDisplayScalingDisabled=false
    mPrimaryDisplayDevice=Built-in Screen
    mBaseDisplayInfo=DisplayInfo{"Built-in Screen", displayId 0", displayGroupId 0, FLAG_SECURE, FLAG_SUPPORTS_PROTECTED_BUFFERS, FLAG_TRUSTED, real 720 x 1560, largest app 720 x 1560, smallest app 720 x 1560, appVsyncOff 1000000, presDeadline 16666666, mode 1, defaultMode 1, modes [{id=1, width=720, height=1560, fps=60.000004, alternativeRefreshRates=[]}], hdrCapabilities HdrCapabilities{mSupportedHdrTypes=[], mMaxLuminance=500.0, mMaxAverageLuminance=500.0, mMinLuminance=0.0}, userDisabledHdrTypes [], minimalPostProcessingSupported false, rotation 0, state ON, type INTERNAL, uniqueId "local:0", app 720 x 1560, density 280 (320.842 x 319.548) dpi, layerStack 0, colorMode 0, supportedColorModes [0], address {port=0}, deviceProductInfo null, removeMode 0, refreshRateOverride 0.0, brightnessMinimum 0.0, brightnessMaximum 1.0, brightnessDefault 0.39999998}
    mOverrideDisplayInfo=DisplayInfo{"Built-in Screen", displayId 0", displayGroupId 0, FLAG_SECURE, FLAG_SUPPORTS_PROTECTED_BUFFERS, FLAG_TRUSTED, real 1560 x 720, largest app 1411 x 1399, smallest app 720 x 678, appVsyncOff 1000000, presDeadline 16666666, mode 1, defaultMode 1, modes [{id=1, width=720, height=1560, fps=60.000004, alternativeRefreshRates=[]}], hdrCapabilities HdrCapabilities{mSupportedHdrTypes=[], mMaxLuminance=500.0, mMaxAverageLuminance=500.0, mMinLuminance=0.0}, userDisabledHdrTypes [], minimalPostProcessingSupported false, rotation 1, state ON, type INTERNAL, uniqueId "local:0", app 1411 x 720, density 280 (320.842 x 319.548) dpi, layerStack 0, colorMode 0, supportedColorModes [0], address {port=0}, deviceProductInfo null, removeMode 0, refreshRateOverride 0.0, brightnessMinimum 0.0, brightnessMaximum 1.0, brightnessDefault 0.39999998}
    mRequestedMinimalPostProcessing=false
    mFrameRateOverrides=[]
    mPendingFrameRateOverrideUids={}
  
  DeviceStateToLayoutMap:
    Registered Layouts:
    state(-1): [{addr: {port=0}, dispId: 0(ON)}]

DisplayModeDirector
  mSupportedModesByDisplay:
    0 -> [{id=1, width=720, height=1560, fps=60.000004, alternativeRefreshRates=[]}]
  mDefaultModeByDisplay:
    0 -> {id=1, width=720, height=1560, fps=60.000004, alternativeRefreshRates=[]}
  mVotesByDisplay:
    -1:
      PRIORITY_USER_SETTING_PEAK_REFRESH_RATE -> Vote{width=-1, height=-1, minRefreshRate=0.0, maxRefreshRate=120.0, disableRefreshRateSwitching=false, baseModeRefreshRate=0.0}
      PRIORITY_USER_SETTING_MIN_REFRESH_RATE -> Vote{width=-1, height=-1, minRefreshRate=0.0, maxRefreshRate=Infinity, disableRefreshRateSwitching=false, baseModeRefreshRate=0.0}
  mModeSwitchingType: SWITCHING_TYPE_WITHIN_GROUPS
  mAlwaysRespectAppRequest: false
  SettingsObserver
    mDefaultRefreshRate: 0.0
    mDefaultPeakRefreshRate: 120.0
  AppRequestObserver
    mAppRequestedModeByDisplay:
    mAppPreferredRefreshRateRangeByDisplay:
  BrightnessObserver
    mAmbientLux: -1.0
    mBrightness: 10
    mDefaultDisplayState: 2
    mLowPowerModeEnabled: false
    mRefreshRateChangeable: true
    mShouldObserveDisplayLowChange: false
    mShouldObserveAmbientLowChange: false
    mRefreshRateInLowZone: 0
    mShouldObserveDisplayHighChange: false
    mShouldObserveAmbientHighChange: false
    mRefreshRateInHighZone: 0
    mLastSensorData: 0.0
    mTimestamp: 1969-12-31 19:00:00.000
  UdfpsObserver
    mLocalHbmEnabled: 
    mGlobalHbmEnabled: 
  SensorObserver
    mIsProxActive=false
    mDozeStateByDisplay:
      0 -> false
   HbmObserver
     mHbmEnabled: {0=true}

Callbacks: size=10
  0: mPid=1645, mWifiDisplayScanRequested=false, mWifiDisplayScanRequestedTime=null
  1: mPid=2241, mWifiDisplayScanRequested=false, mWifiDisplayScanRequestedTime=null
  2: mPid=2258, mWifiDisplayScanRequested=false, mWifiDisplayScanRequestedTime=null
  3: mPid=2284, mWifiDisplayScanRequested=false, mWifiDisplayScanRequestedTime=null
  4: mPid=2590, mWifiDisplayScanRequested=false, mWifiDisplayScanRequestedTime=null
  5: mPid=2738, mWifiDisplayScanRequested=false, mWifiDisplayScanRequestedTime=null
  6: mPid=3248, mWifiDisplayScanRequested=false, mWifiDisplayScanRequestedTime=null
  7: mPid=3813, mWifiDisplayScanRequested=false, mWifiDisplayScanRequestedTime=null
  8: mPid=4095, mWifiDisplayScanRequested=false, mWifiDisplayScanRequestedTime=null
  9: mPid=16052, mWifiDisplayScanRequested=false, mWifiDisplayScanRequestedTime=null

Display Power Controllers: size=1

Display Power Controller:
  mDisplayId=0
  mLightSensor={Sensor name="stk3a5x alsprx", vendor="Sensortek", version=1, type=5, maxRange=4095.849, resolution=0.5399933, power=0.09, minDelay=0}

Display Power Controller Locked State:
  mDisplayReadyLocked=true
  mPendingRequestLocked=policy=DIM, useProximitySensor=false, screenBrightnessOverride=NaN, useAutoBrightness=true, screenAutoBrightnessAdjustmentOverride=NaN, screenLowPowerBrightnessFactor=1.0, blockScreenOn=false, lowPowerMode=false, boostScreenBrightness=false, dozeScreenBrightness=NaN, dozeScreenState=UNKNOWN, autoBrightnessLowerLimit=-1.0, autoBrightnessUpperLimit=-1.0, forceSlowChange=false, maxBrightness=NaN, minBrightness=NaN, lastGoToSleepReason=4, proximityPositiveDebounce=-1, proximityNegativeDebounce=-1, coverClosed=false, coverType=2, brightnessLimitByCover=-1, FTAMode=false, batteryLevel = -1, lcdFlashMode= false, isOutdoorMode= false, screenBrightnessScaleFactor=0.85, forceLcdBacklightOffEnabled=false, batteryLevelCritical=false, isPowered=true, hbmBlock=false, earlyWakeUp=false, dualScreenPolicy=-1, lastWakeUpReason=3
  mPendingRequestChangedLocked=false
  mPendingWaitForNegativeProximityLocked=false
  mPendingUpdatePowerStateLocked=false

Display Power Controller Configuration:
  mScreenBrightnessRangeDefault=0.39999998
  mScreenBrightnessDozeConfig=0.0
  mScreenBrightnessDimConfig=0.05
  mScreenBrightnessForVrRangeMinimum=0.003921569
  mScreenBrightnessForVrRangeMaximum=1.0
  mScreenBrightnessForVrDefault=0.7058824
  mUseSoftwareAutoBrightnessConfig=true
  mAllowAutoBrightnessWhileDozingConfig=false
  mSkipScreenOnBrightnessRamp=false
  mColorFadeFadesConfig=false
  mColorFadeEnabled=true
  mDisplayBlanksAfterDozeConfig=false
  mBrightnessBucketsInDozeConfig=false
  extraDim mExtraDimStrength= -1
  extraDim mExtraDimIsActive= false
  --SEC_PMS
  AUTO_BRIGHTNESS_TYPE=2
  USE_SEC_LONG_TERM_MODEL=false
  USE_PERMISSIBLE_RATIO_FOR_LONGTERM_MODEL=true

Display Power Controller Thread State:
  mPowerRequest=policy=DIM, useProximitySensor=false, screenBrightnessOverride=NaN, useAutoBrightness=true, screenAutoBrightnessAdjustmentOverride=NaN, screenLowPowerBrightnessFactor=1.0, blockScreenOn=false, lowPowerMode=false, boostScreenBrightness=false, dozeScreenBrightness=NaN, dozeScreenState=UNKNOWN, autoBrightnessLowerLimit=-1.0, autoBrightnessUpperLimit=-1.0, forceSlowChange=false, maxBrightness=NaN, minBrightness=NaN, lastGoToSleepReason=4, proximityPositiveDebounce=-1, proximityNegativeDebounce=-1, coverClosed=false, coverType=2, brightnessLimitByCover=-1, FTAMode=false, batteryLevel = -1, lcdFlashMode= false, isOutdoorMode= false, screenBrightnessScaleFactor=0.85, forceLcdBacklightOffEnabled=false, batteryLevelCritical=false, isPowered=true, hbmBlock=false, earlyWakeUp=false, dualScreenPolicy=-1, lastWakeUpReason=3
  mUnfinishedBusiness=false
  mWaitingForNegativeProximity=false
  mProximitySensor={Sensor name="stk3a5x alsprx", vendor="Sensortek", version=2, type=8, maxRange=5.000305, resolution=0.05000305, power=0.1, minDelay=0}
  mProximitySensorEnabled=false
  mProximityThreshold=5.0
  mProximity=Unknown
  mPendingProximity=Unknown
  mPendingProximityDebounceTime=-1 (4860243 ms ago)
  mScreenOffBecauseOfProximity=false
  mLastUserSetScreenBrightness=0.6666667
  mPendingScreenBrightnessSetting=NaN
  mTemporaryScreenBrightness=NaN
  mAutoBrightnessAdjustment=0.57928145
  mBrightnessReason=automatic [ dim ]
  mTemporaryAutoBrightnessAdjustment=NaN
  mPendingAutoBrightnessAdjustment=NaN
  mScreenBrightnessForVrFloat=0.7058824
  mAppliedAutoBrightness=true
  mAppliedDimming=true
  mAppliedLowPower=false
  mAppliedScreenBrightnessOverride=false
  mAppliedTemporaryBrightness=false
  mDozing=false
  mSkipRampState=RAMP_STATE_SKIP_NONE
  mScreenOnBlockStartRealTime=3980913
  mScreenOffBlockStartRealTime=3553856
  mPendingScreenOnUnblocker=null
  mPendingScreenOffUnblocker=null
  mPendingScreenOff=false
  mReportedToPolicy=REPORTED_TO_POLICY_SCREEN_ON
  mScreenBrightnessRampAnimator.isAnimating()=false
  mColorFadeOnAnimator.isStarted()=false
  mColorFadeOffAnimator.isStarted()=false
  mLastBrightnessConfigurationTime=31873
  mPendingForceUpdateAb=false

Display Power State:
  mStopped=false
  mScreenState=ON
  mScreenBrightness=0.0425
  mSdrScreenBrightness=0.0425
  mScreenReady=true
  mScreenUpdatePending=false
  mColorFadePrepared=false
  mColorFadeLevel=1.0
  mColorFadeReady=true
  mColorFadeDrawPending=false

Photonic Modulator State:
  mPendingState=ON
  mPendingBacklight=0.0425
  mPendingSdrBacklight=0.0425
  mActualState=ON
  mActualBacklight=0.0425
  mActualSdrBacklight=0.0425
  mStateChangeInProgress=false
  mBacklightChangeInProgress=false

Color Fade State:
  mPrepared=false
  mMode=2
  mDisplayLayerStack=0
  mDisplayWidth=720
  mDisplayHeight=1560
  mSurfaceVisible=false
  mSurfaceAlpha=0.0

Automatic Brightness Controller Configuration:
  mScreenBrightnessRangeMinimum=  0 (0.00)
  mScreenBrightnessRangeMaximum=255 (1.00)
  mScreenBrightnessRangeMinimum=0.0
  mScreenBrightnessRangeMaximum=1.0
  mDozeScaleFactor=1.0
  mInitialLightSensorRate=50
  mNormalLightSensorRate=250
  mLightSensorWarmUpTimeConfig=0
  mBrighteningLightDebounceConfig=1000
  mDarkeningLightDebounceConfig=2000
  mResetAmbientLuxAfterWarmUpConfig=true
  mAmbientLightHorizon=2500
  mWeightingIntercept=2500
  mHbmLux=20000

Automatic Brightness Controller State:
  mLightSensor={Sensor name="stk3a5x alsprx", vendor="Sensortek", version=1, type=5, maxRange=4095.849, resolution=0.5399933, power=0.09, minDelay=0}
  mLightSensorCct=null
  mLightSensorEnabled=true
  mLightSensorEnableTime=3980913 (879329 ms ago)
  mCurrentLightSensorRate=250
  mAmbientLux=13.972326
  mAmbientLuxValid=true
  mAmbientBrighteningThreshold=101.0
  mAmbientDarkeningThreshold=0.0
  mScreenBrighteningThreshold=0.0
  mScreenDarkeningThreshold=0.0
  mLastObservedLux=18.022276
  mLastObservedLuxTime=4860060 (182 ms ago)
  mRecentLightSamples=3494
  mAmbientLightRingBuffer=[17.009789 / 238ms, 17.009789 / 251ms, 17.009789 / 252ms, 17.009789 / 249ms, 17.009789 / 254ms, 17.009789 / 253ms, 18.022276 / 249ms, 18.022276 / 254ms, 18.022276 / 252ms, 18.022276 / 248ms, 18.022276 / 182ms]
  mScreenAutoBrightness=0.67843133
  mDisplayPolicy=DIM
  mShortTermModelTimeout=600000
  mShortTermModelAnchor=11.190173
  mShortTermModelValid=true
  mBrightnessAdjustmentSamplePending=false
  mBrightnessAdjustmentSampleOldLux=11.190173
  mBrightnessAdjustmentSampleOldBrightness=1.0
  mForegroundAppPackageName=null
  mPendingForegroundAppPackageName=null
  mForegroundAppCategory=-1
  mPendingForegroundAppCategory=-1
  mIsLightSensorOnFoldingSide=false
  mUseLightSensorBlockingPrevention=false
  mProximity=-1

SimpleMappingStrategy
  mSpline=MonotoneCubicSpline{[(0.0, 0.011764705: 0.0033847166), (1.1901731, 0.019363068: 0.018851299), (11.190173, 0.6666667: 0.0065654432), (20.0, 0.6859752: 3.5629023E-4), (27.975433, 0.69745976: 0.0011832775), (50.0, 0.7178669: 7.155109E-4), (100.0, 0.74308985: 3.8301467E-4), (200.0, 0.7692469: 1.9854143E-4), (400.0, 0.7963494: 9.885415E-5), (1000.0, 0.8336668: 4.5794724E-5), (2000.0, 0.8630606: 4.3950917E-5), (3000.0, 0.92156863: 4.886186E-5), (5000.0, 1.0: 3.9215684E-5)]}
  mMaxGamma=3.0
  mAutoBrightnessAdjustment=0.57928145
UserOffsetManager:
  curve: [(1.1901731,0.0),(11.190173,0.57928145),(27.975433,0.0),]
  mUserPoints[0]  22.3 -> 170.0 (+147.7) @    1.2 <   11.2 <   28.0

  sDebugLogging: false
  mUserBrightnessOffset=0.0

HysteresisLevels
  mHysteresisBrightSpline=MonotoneCubicSpline{[(0.0, 5.0: 3.4), (5.0, 22.0: 6.0), (10.0, 65.0: 8.6), (15.0, 108.0: 6.3285713), (50.0, 250.0: 2.3529458), (100.0, 300.0: 1.8610872), (200.0, 600.0: 3.0), (500.0, 1500.0: 3.0), (1000.0, 3000.0: 3.0), (2000.0, 6000.0: 0.0), (2999.0, 6000.0: 0.0), (3000.0, 10000.0: 0.0), (4999.0, 10000.0: 0.0), (5000.0, 40000.0: 0.0), (29999.0, 40000.0: 0.0), (30000.0, 60000.0: 0.0), (39999.0, 60000.0: 0.0), (40000.0, 80000.0: 0.0), (49999.0, 80000.0: 0.0), (50000.0, 100000.0: 0.0), (99999.0, 100000.0: 0.0), (100000.0, 999999.0: 899999.0)]}
  mHysteresisDarkSpline=MonotoneCubicSpline{[(0.0, -1.0: 0.25), (4.0, 0.0: 0.0), (49.0, 0.0: 0.0), (50.0, 5.0: 0.059969548), (100.0, 6.0: 0.00191138), (200.0, 20.0: 0.120000005), (500.0, 50.0: 0.2), (1000.0, 200.0: 0.25), (2000.0, 400.0: 0.0), (2999.0, 400.0: 0.0), (3000.0, 500.0: 0.0), (3999.0, 500.0: 0.0), (4000.0, 600.0: 0.0), (4999.0, 600.0: 0.0), (5000.0, 800.0: 0.0), (9999.0, 800.0: 0.0), (10000.0, 2000.0: 0.0), (19999.0, 2000.0: 0.0), (20000.0, 3000.0: 0.0), (29999.0, 3000.0: 0.0), (30000.0, 4000.0: 0.0), (39999.0, 4000.0: 0.0), (40000.0, 5000.0: 0.0), (49999.0, 5000.0: 0.0), (50000.0, 8000.0: 3000.0)]}
HighBrightnessModeController:
  mBrightness=0.67843133
  mCurrentMin=0.039215684
  mCurrentMax=1.7529411
  mHbmMode=sunlight
  mHbmData=HBM{minLux: -1.0, transition: 1.0, timeWindow: 0ms, timeMax: 0ms, timeMin: 0ms, thermalStatusLimit: 0, allowInLowPowerMode: true} 
  mAmbientLux=13.972326
  mIsInAllowedAmbientRange=true
  mIsAutoBrightnessEnabled=true
  mIsHdrLayerPresent=false
  mBrightnessMin=0.039215684
  mBrightnessMax=1.7529411
  remainingTime=0
  mIsTimeAvailable= true
  mRunningStartTimeMillis=-1 (4860244 ms ago)
  mIsThermalStatusWithinLimit=true
  mIsBlockedByLowPowerMode=false
  width*height=1560*720
  mEvents=
  SkinThermalStatusObserver:
    mStarted: false
    ThermalService not available

  SEC_FEATURE_EARLY_WAKEUP=true

[ew] EarlyWakeUpManager:
  mAppliedLocked=false
  mEarlyLightSensorEnabled=false
  mEarlyDisplayEnabled=false
  mLastEnableRequestedTime=0
  now=4860243
  mHoldingSuspendBlocker=false
    mEarlyLightSensorReadyLocked=true
    mEarlyDisplayReadyLocked=true

  USE_LONG_RAMP_RATE_FOR_NON_HBM=false
  SEC_FEATURE_BRIGHTNESS_CONTROL_BY_EXTRA_DIM=false

BrightnessTracker state:
  mStarted=false
  mLastBatteryLevel=NaN
  mLastBrightness=-1.0
  mLastSensorReadings.size=0
  mEventsDirty=false
  mEvents.size=0
  mWriteBrightnessTrackerStateScheduled=false
  mSensorRegistered=false
  mColorSamplingEnabled=false
  mNoFramesToSample=0
  mFrameRate=0.0

PersistentDataStore
  mLoaded=true
  mDirty=false
  RememberedWifiDisplays:
  DisplayStates:
    0: local:0
      ColorMode=0
      BrightnessValue=0.67843133
  StableDeviceValues:
      StableDisplayWidth=720
      StableDisplayHeight=1560
  BrightnessConfigurations:
  

 dumpSetBrightnessConfiguration_1
  

 dumpSetBrightnessConfiguration_2

mDisplayStateListenerInfo: size=1
  com.samsung.android.hardware.secinputdev.SemInputDeviceManagerService$8@21a3718
